19:07:47.740 > 
19:07:47.740 > Connecting to TechZone
19:07:48.245 > .......
19:07:51.971 > WiFi connected
19:07:51.973 > IP address: 
19:07:51.975 > 192.168.0.104
19:07:52.662 > Attempting MQTT connection...reconnected
19:07:52.731 > Subscribed to MainClimate_tasksUpdate
19:08:00.196 > Message arrived [check_T]1
19:08:00.295 > 1
19:08:00.295 > 540
19:08:00.297 > 660
19:08:00.297 > 0.00
19:08:00.297 > 0.00
19:08:00.297 > 40
19:08:00.297 > 2
19:08:00.298 > 660
19:08:00.298 > 1080
19:08:00.299 > 5
19:08:00.299 > 3
19:08:00.299 > 0.00
19:08:00.300 > nan
19:08:00.300 > -1
19:08:00.300 > -1
19:08:00.301 > -1
19:08:00.301 > -1
19:08:00.301 > -1
19:08:00.303 > -1
19:08:00.303 > nan
19:08:00.303 > nan
19:08:00.303 > -1
19:08:00.303 > -1
19:08:00.305 > -1
19:08:00.305 > -1
19:08:00.305 > -1
19:08:00.306 > -1
19:08:00.306 > nan
19:08:00.306 > nan
19:08:00.306 > -1
19:08:00.306 > -1
19:08:00.308 > -1
19:08:13.599 > Message arrived [MainClimate_tasksUpdate][{"task_number":1,"start_time":"07:00","end_time":"09:00","start_temp":19,"end_temp":21,"ventilationTemp":26,"start_humidity":80,"end_humidity":80},{"task_number":2,"start_time":"09:00","end_time":"16:00","start_temp":21,"end_temp":21,"ventilationTemp":26,"start_humidity":80,"end_humidity":80},{"task_number":3,"start_time":"16:00","end_time":"18:00","start_temp":21,"end_temp":19,"ventilationTemp":26,"start_humidity":80,"end_humidity":80},{"task_number":4,"start_time":"18:00","end_time":"07:00","start_temp":19,"end_temp":19,"ventilationTemp":26,"start_humidity":80,"end_humidity":80}]
19:08:13.654 > 128
19:08:13.674 > EEPROM Updated
19:08:21.172 > Message arrived [check_T]1
19:08:21.269 > 1
19:08:21.270 > 420
19:08:21.270 > 540
19:08:21.271 > 19.00
19:08:21.271 > 21.00
19:08:21.272 > 80
19:08:21.272 > 80
19:08:21.273 > 26
19:08:21.273 > 2
19:08:21.273 > 540
19:08:21.275 > 960
19:08:21.275 > 21.00
19:08:21.275 > 21.00
19:08:21.275 > 80
19:08:21.276 > 80
19:08:21.276 > 26
19:08:21.276 > 3
19:08:21.278 > 960
19:08:21.278 > 1080
19:08:21.278 > 21.00
19:08:21.278 > 19.00
19:08:21.279 > 80
19:08:21.279 > 80
19:08:21.279 > 26
19:08:21.280 > 4
19:08:21.280 > 1080
19:08:21.282 > 420
19:08:21.282 > 19.00
19:08:21.283 > 19.00
19:08:21.283 > 80
19:08:21.284 > 80
19:08:21.284 > 26
19:08:34.889 > Message arrived [check_M]1
19:08:34.990 > nan
19:08:34.990 > 255
19:08:34.991 > nan
19:08:34.991 > nan
19:08:34.992 > nan
19:08:34.992 > nan
19:10:24.973 > Message arrived [MainClimate_mechanismsUpdate]{
19:10:24.992 > "winterMode":false,
19:10:24.992 > "wPip":1.1,
19:10:24.992 > "wPii":5,
19:10:24.992 > "wPid":3,
19:10:24.992 > "humiPip":20,
19:10:24.992 > "humidityStartControlValue":15
19:10:24.992 > }
19:10:24.992 > 24
19:10:25.003 > EEPROM Updated
19:10:40.538 > Message arrived [check_M]1
19:10:40.638 > 15.00
19:10:40.639 > 0
19:10:40.639 > 20.00
19:10:40.640 > 3.00
19:10:40.640 > 5.00
19:10:40.641 > 1.10
19:11:35.117 > Message arrived [check_T]1
19:11:35.216 > 1
19:11:35.217 > 420
19:11:35.217 > 540
19:11:35.218 > 19.00
19:11:35.218 > 21.00
19:11:35.219 > 80
19:11:35.219 > 80
19:11:35.220 > 26
19:11:35.220 > 2
19:11:35.220 > 540
19:11:35.221 > 960
19:11:35.221 > 21.00
19:11:35.222 > 21.00
19:11:35.222 > 80
19:11:35.223 > 80
19:11:35.223 > 26
19:11:35.223 > 3
19:11:35.224 > 960
19:11:35.224 > 1080
19:11:35.225 > 21.00
19:11:35.225 > 19.00
19:11:35.226 > 80
19:11:35.226 > 80
19:11:35.227 > 26
19:11:35.227 > 4
19:11:35.227 > 1080
19:11:35.228 > 420
19:11:35.228 > 19.00
19:11:35.229 > 19.00
19:11:35.229 > 80
19:11:35.230 > 80
19:11:35.230 > 26
19:11:50.169 > Message arrived [check_M]1
19:11:50.269 > 15.00
19:11:50.271 > 0
19:11:50.271 > 20.00
19:11:50.272 > 3.00
19:11:50.272 > 5.00
19:11:50.273 > 1.10
