19:06:13.372 > [37m
19:06:13.372 > [37mCo[37mn[37mnecting to [37mT[37mechZone
19:06:13.877 > [37m.[37m.[37m.[37m.[37m.[37m.[37m.[37m.[37m
19:06:18.104 > [37mWiFi connect[37me[37md
19:06:18.105 > IP addre[37ms[37ms: 
19:06:18.106 > 192.16[37m8[37m.0.104
19:06:18.295 > [37mA[37mt[37mtempting M[37mQ[37mTT connect[37mi[37mon...[37mr[37me[37mconnected
19:06:18.434 > [37mS[37mubscribed t[37mo[37m MainClima[37mt[37me_tasksUpda[37mt[37me
19:06:23.480 > [37mM[37message arri[37mv[37med [check_[37mT[37m]1
19:06:23.580 > [37m0[37m[37m
19:06:23.581 > 0
19:06:23.581 > 0[37m
19:06:23.582 > [37m0.00
19:06:23.582 > 0.00[37m
19:06:23.583 > [37m0
19:06:23.583 > 0
19:06:23.583 > 0
19:06:23.583 > 0[37m[37m
19:06:23.584 > 0
19:06:23.584 > 0
19:06:23.584 > 0.00[37m[37m
19:06:23.585 > 0.00
19:06:23.585 > 0
19:06:23.586 > [37m0[37m
19:06:23.586 > 0
19:06:23.586 > 0
19:06:23.586 > 0
19:06:23.587 > [37m0[37m
19:06:23.587 > 0.00
19:06:23.587 > 0.[37m0[37m0
19:06:23.588 > 0
19:06:23.588 > 0
19:06:23.588 > 0[37m[37m
19:06:23.589 > 0
19:06:23.589 > 0
19:06:23.589 > 0
19:06:23.589 > 0[37m.[37m00
19:06:23.590 > 0.00
19:06:23.590 > 0[37m[37m
19:06:23.591 > 0
19:06:23.591 > 0
19:06:42.455 > [37mM[37message ar[37mr[37mived [check[37m_[37mT]1
19:06:42.556 > [37m0[37m[37m
19:06:42.557 > 0
19:06:42.557 > 0
19:06:42.557 > 0.0[37m0[37m
19:06:42.558 > 0.00
19:06:42.558 > 0[37m
19:06:42.560 > [37m0
19:06:42.560 > 0
19:06:42.560 > 0
19:06:42.560 > 0
19:06:42.560 > 0
19:06:42.560 > 0.00
19:06:42.560 > 0[37m.00
19:06:42.562 > 0
19:06:42.562 > 0
19:06:42.562 > 0
19:06:42.562 > 0
19:06:42.562 > 0
19:06:42.562 > 0
19:06:42.563 > [37m0[37m.00
19:06:42.564 > 0.00
19:06:42.564 > 0
19:06:42.564 > 0
19:06:42.564 > 0
19:06:42.564 > 0
19:06:42.565 > [37m0[37m
19:06:42.565 > 0
19:06:42.565 > 0.00[37m
19:06:42.566 > [37m0.00
19:06:42.566 > 0
19:06:42.566 > 0[37m
19:06:42.567 > [37m0
19:06:48.197 > [37mM[37message a[37mr[37mrived [Main[37mC[37mlimate_tas[37mk[37msUpdate][{"[37mt[37mask_number[37m"[37m:1,"start_t[37mime":"07:00[37m"[37m,"end_time":"09:00","s[37mt[37mart_temp":1[37m9,"end_temp[37m"[37m:21,"ventil[37ma[37mtionTemp":[37m2[37m6,"start_hu[37mm[37midity":80,[37m"[37mend_humidit[37my[37m":80},{"ta[37ms[37mk_number":2[37m,[37m"start_time[37m":"09:00","[37me[37mnd_time":"1[37m6:00","star[37mt[37m_temp":21,"[37me[37mnd_temp":2[37m1[37m,"ventilati[37mo[37mnTemp":26,[37m"[37mstart_humid[37mi[37mty":80,"en[37md[37m_humidity":[37m8[37m0},{"task_n[37mu[37mmber":3,"s[37mt[37mart_time":"[37m1[37m6:00","end[37m_[37mtime":"18:[37m0[37m0","start_t[37me[37mmp":21,"en[37md[37m_temp":19,"[37mv[37mentilationT[37me[37mmp":26,"st[37ma[37mrt_humidity[37m"[37m:80,"end_h[37mu[37mmidity":80}[37m,[37m{"task_num[37mb[37mer":4,"star[37mt[37m_time":"18[37m:[37m00","end_ti[37mm[37me":"07:00"[37m,[37m"start_temp[37m"[37m:19,"end_t[37me[37mmp":19,"ven[37mt[37milationTemp[37m"[37m:26,"start[37m_[37mhumidity":8[37m0[37m,"end_humi[37md[37mity":80}]
19:06:48.254 > [37m128
19:06:48.254 > EEPROM Updated
19:06:55.466 > [37mM[37message arrived [check_T]1
19:06:55.564 > [37m0[37m
19:06:55.565 > 0[37m
19:06:55.565 > 0
19:06:55.565 > 0.00
19:06:55.565 > 0.[37m0[37m0
19:06:55.566 > 0
19:06:55.566 > 0
19:06:55.566 > 0[37m[37m
19:06:55.567 > 0
19:06:55.567 > 0
19:06:55.567 > 0
19:06:55.567 > 0[37m.[37m00
19:06:55.568 > 0.00
19:06:55.569 > [37m0[37m
19:06:55.569 > 0
19:06:55.569 > 0
19:06:55.569 > 0
19:06:55.570 > [37m0[37m
19:06:55.570 > 0
19:06:55.570 > 0.00[37m
19:06:55.571 > [37m0.00
19:06:55.571 > 0
19:06:55.571 > 0[37m
19:06:55.572 > [37m0
19:06:55.572 > 0
19:06:55.572 > 0
19:06:55.572 > 0[37m[37m
19:06:55.573 > 0.00
19:06:55.573 > 0.00[37m[37m
19:06:55.574 > 0
19:06:55.574 > 0
19:06:55.574 > 0
